<?xml version="1.0" encoding="UTF-8"?>
<testng-results ignored="0" total="1" passed="1" failed="0" skipped="0">
  <reporter-output>
  </reporter-output>
  <suite started-at="2022-09-12T16:28:26 IST" name="Default suite" finished-at="2022-09-12T16:29:02 IST" duration-ms="36779">
    <groups>
    </groups>
    <test started-at="2022-09-12T16:28:26 IST" name="Default test" finished-at="2022-09-12T16:29:02 IST" duration-ms="36779">
      <class name="testngWithSelenium.Assignment">
        <test-method signature="seleniumTest()[pri:0, instance:testngWithSelenium.Assignment@1ed4ae0f]" started-at="2022-09-12T16:28:26 IST" name="seleniumTest" finished-at="2022-09-12T16:29:02 IST" duration-ms="36728" status="PASS">
          <reporter-output>
          </reporter-output>
        </test-method> <!-- seleniumTest -->
      </class> <!-- testngWithSelenium.Assignment -->
    </test> <!-- Default test -->
  </suite> <!-- Default suite -->
</testng-results>
